<?xml version="1.0" encoding="UTF-8"?>
<testng-results ignored="0" total="1" passed="1" failed="0" skipped="0">
  <reporter-output>
    <line>
      <![CDATA[Browser value is not matching ]]>
    </line>
    <line>
      <![CDATA[Browser value is not matching ]]>
    </line>
    <line>
      <![CDATA[Stock-000002106 Stock-000002106]]>
    </line>
    <line>
      <![CDATA[Browser value is not matching ]]>
    </line>
    <line>
      <![CDATA[Supplier-00000003869 Supplier-00000003869]]>
    </line>
    <line>
      <![CDATA[Browser value is not matching ]]>
    </line>
  </reporter-output>
  <suite started-at="2024-07-08T12:04:00 IST" name="Default suite" finished-at="2024-07-08T12:05:14 IST" duration-ms="74227">
    <groups>
    </groups>
    <test started-at="2024-07-08T12:04:00 IST" name="Default test" finished-at="2024-07-08T12:05:14 IST" duration-ms="74227">
      <class name="driverFactory.AppTest">
        <test-method signature="start()[pri:0, instance:driverFactory.AppTest@61862a7f]" started-at="2024-07-08T12:04:00 IST" name="start" finished-at="2024-07-08T12:05:14 IST" duration-ms="74155" status="PASS">
          <reporter-output>
            <line>
              <![CDATA[Browser value is not matching ]]>
            </line>
            <line>
              <![CDATA[Browser value is not matching ]]>
            </line>
            <line>
              <![CDATA[Stock-000002106 Stock-000002106]]>
            </line>
            <line>
              <![CDATA[Browser value is not matching ]]>
            </line>
            <line>
              <![CDATA[Supplier-00000003869 Supplier-00000003869]]>
            </line>
            <line>
              <![CDATA[Browser value is not matching ]]>
            </line>
          </reporter-output>
        </test-method> <!-- start -->
      </class> <!-- driverFactory.AppTest -->
    </test> <!-- Default test -->
  </suite> <!-- Default suite -->
</testng-results>
